The system is: Windows - 10.0.18362 - AMD64
Compiling the CXX compiler identification source file "CMakeCXXCompilerId.cpp" succeeded.
Compiler: C:/Program Files (x86)/Microsoft Visual Studio/2019/Community/VC/Tools/MSVC/14.26.28801/bin/HostX64/x64/cl.exe 
Build flags: 
Id flags:  

The output was:
0
Microsoft (R) C/C++ Optimizing Compiler Version 19.26.28805 for x64
Copyright (C) Microsoft Corporation.  All rights reserved.

CMakeCXXCompilerId.cpp
Microsoft (R) Incremental Linker Version 14.26.28805.0
Copyright (C) Microsoft Corporation.  All rights reserved.

/out:CMakeCXXCompilerId.exe 
CMakeCXXCompilerId.obj 


Compilation of the CXX compiler identification source "CMakeCXXCompilerId.cpp" produced "CMakeCXXCompilerId.exe"

Compilation of the CXX compiler identification source "CMakeCXXCompilerId.cpp" produced "CMakeCXXCompilerId.obj"

The CXX compiler identification is MSVC, found in "C:/Users/Thiago Souto/Documents/OpenGL/1-BoilerPlate/build-OpenGL_BoilerPlate-Desktop_Qt_5_15_1_MSVC2019_64bit-Debug/CMakeFiles/3.17.1/CompilerIdCXX/CMakeCXXCompilerId.exe"

Determining if the CXX compiler works passed with the following output:
Change Dir: C:/Users/Thiago Souto/Documents/OpenGL/1-BoilerPlate/build-OpenGL_BoilerPlate-Desktop_Qt_5_15_1_MSVC2019_64bit-Debug/CMakeFiles/CMakeTmp

Run Build Command(s):C:/PROGRA~2/MICROS~4/2019/COMMUN~1/Common7/IDE/COMMON~1/MICROS~1/CMake/Ninja/ninja.exe cmTC_443b0 && [1/2] Building CXX object CMakeFiles\cmTC_443b0.dir\testCXXCompiler.cxx.obj
[2/2] Linking CXX executable cmTC_443b0.exe



Detecting CXX compiler ABI info compiled with the following output:
Change Dir: C:/Users/Thiago Souto/Documents/OpenGL/1-BoilerPlate/build-OpenGL_BoilerPlate-Desktop_Qt_5_15_1_MSVC2019_64bit-Debug/CMakeFiles/CMakeTmp

Run Build Command(s):C:/PROGRA~2/MICROS~4/2019/COMMUN~1/Common7/IDE/COMMON~1/MICROS~1/CMake/Ninja/ninja.exe cmTC_2f957 && [1/2] Building CXX object CMakeFiles\cmTC_2f957.dir\CMakeCXXCompilerABI.cpp.obj
[2/2] Linking CXX executable cmTC_2f957.exe



